\BOOKMARK [1][-]{section.1}{\376\377\000I\000n\000t\000r\000o\000d\000u\000c\000t\000i\000o\000n}{}% 1
\BOOKMARK [2][-]{subsection.3}{\376\377\000P\000r\000o\000b\000l\000\351\000m\000a\000t\000i\000q\000u\000e\000\040\000d\000u\000\040\000p\000r\000o\000j\000e\000t}{section.1}% 2
\BOOKMARK [2][-]{subsection.4}{\376\377\000E\000n\000j\000e\000u\000x\000\040\000d\000e\000\040\000l\000a\000\040\000c\000o\000n\000c\000e\000p\000t\000i\000o\000n\000\040\000l\000o\000g\000i\000c\000i\000e\000l\000l\000e}{section.1}% 3
\BOOKMARK [2][-]{subsection.5}{\376\377\000O\000b\000j\000e\000c\000t\000i\000f\000s\000\040\000d\000u\000\040\000p\000r\000o\000j\000e\000t}{section.1}% 4
\BOOKMARK [2][-]{subsection.6}{\376\377\000O\000r\000g\000a\000n\000i\000s\000a\000t\000i\000o\000n\000\040\000d\000u\000\040\000r\000a\000p\000p\000o\000r\000t}{section.1}% 5
\BOOKMARK [1][-]{section.7}{\376\377\000S\000p\000\351\000c\000i\000f\000i\000c\000a\000t\000i\000o\000n\000\040\000d\000u\000\040\000s\000i\000m\000u\000l\000a\000t\000e\000u\000r}{}% 6
\BOOKMARK [2][-]{subsection.8}{\376\377\000N\000o\000t\000i\000o\000n\000s\000\040\000d\000e\000\040\000b\000a\000s\000e\000\040\000e\000t\000\040\000c\000o\000n\000t\000r\000a\000i\000n\000t\000e\000s\000\040\000d\000u\000\040\000p\000r\000o\000j\000e\000t}{section.7}% 7
\BOOKMARK [2][-]{subsection.18}{\376\377\000F\000o\000n\000c\000t\000i\000o\000n\000n\000a\000l\000i\000t\000\351\000s\000\040\000a\000t\000t\000e\000n\000d\000u\000e\000s\000\040\000d\000u\000\040\000p\000r\000o\000j\000e\000t}{section.7}% 8
\BOOKMARK [1][-]{section.23}{\376\377\000C\000o\000n\000c\000e\000p\000t\000i\000o\000n\000\040\000e\000t\000\040\000m\000i\000s\000e\000\040\000e\000n\000\040\001\123\000u\000v\000r\000e}{}% 9
\BOOKMARK [2][-]{subsection.24}{\376\377\000A\000r\000c\000h\000i\000t\000e\000c\000t\000u\000r\000e\000\040\000g\000l\000o\000b\000a\000l\000e\000\040\000d\000u\000\040\000l\000o\000g\000i\000c\000i\000e\000l}{section.23}% 10
\BOOKMARK [2][-]{subsection.26}{\376\377\000C\000l\000a\000s\000s\000e\000s\000\040\000d\000e\000\040\000d\000o\000n\000n\000\351\000e\000s}{section.23}% 11
\BOOKMARK [2][-]{subsection.27}{\376\377\000I\000n\000t\000e\000r\000f\000a\000c\000e\000\040\000H\000o\000m\000m\000e\000-\000M\000a\000c\000h\000i\000n\000e\000\040\000g\000r\000a\000p\000h\000i\000q\000u\000e}{section.23}% 12
\BOOKMARK [2][-]{subsection.32}{\376\377\000C\000o\000n\000c\000e\000p\000t\000i\000o\000n\000\040\000d\000e\000s\000\040\000t\000r\000a\000i\000t\000e\000m\000e\000n\000t\000s\000\040\000a\000l\000g\000o\000r\000i\000t\000h\000m\000i\000q\000u\000e\000s}{section.23}% 13
\BOOKMARK [1][-]{section.71}{\376\377\000M\000a\000n\000u\000e\000l\000\040\000d\000'\000i\000n\000s\000t\000a\000l\000l\000a\000t\000i\000o\000n\000\040\000e\000t\000\040\000d\000'\000u\000t\000i\000l\000i\000s\000a\000t\000i\000o\000n}{}% 14
\BOOKMARK [2][-]{subsection.72}{\376\377\000P\000r\000\351\000r\000e\000q\000u\000i\000s\000\040\000e\000t\000\040\000e\000n\000v\000i\000r\000o\000n\000n\000e\000m\000e\000n\000t\000\040\000t\000e\000c\000h\000n\000i\000q\000u\000e}{section.71}% 15
\BOOKMARK [2][-]{subsection.74}{\376\377\000R\000\351\000c\000u\000p\000\351\000r\000a\000t\000i\000o\000n\000\040\000e\000t\000\040\000c\000o\000m\000p\000i\000l\000a\000t\000i\000o\000n\000\040\000d\000u\000\040\000p\000r\000o\000j\000e\000t}{section.71}% 16
\BOOKMARK [2][-]{subsection.84}{\376\377\000L\000a\000n\000c\000e\000m\000e\000n\000t\000\040\000e\000t\000\040\000u\000t\000i\000l\000i\000s\000a\000t\000i\000o\000n\000\040\000d\000e\000\040\000l\000'\000a\000p\000p\000l\000i\000c\000a\000t\000i\000o\000n}{section.71}% 17
\BOOKMARK [1][-]{section.92}{\376\377\000D\000\351\000r\000o\000u\000l\000e\000m\000e\000n\000t\000\040\000d\000u\000\040\000p\000r\000o\000j\000e\000t}{}% 18
\BOOKMARK [2][-]{subsection.93}{\376\377\000O\000r\000g\000a\000n\000i\000s\000a\000t\000i\000o\000n\000\040\000e\000t\000\040\000r\000\351\000p\000a\000r\000t\000i\000t\000i\000o\000n\000\040\000d\000u\000\040\000t\000r\000a\000v\000a\000i\000l}{section.92}% 19
\BOOKMARK [2][-]{subsection.94}{\376\377\000P\000h\000a\000s\000e\000s\000\040\000d\000e\000\040\000d\000\351\000v\000e\000l\000o\000p\000p\000e\000m\000e\000n\000t}{section.92}% 20
\BOOKMARK [2][-]{subsection.96}{\376\377\000D\000i\000f\000f\000i\000c\000u\000l\000t\000\351\000s\000\040\000r\000e\000n\000c\000o\000n\000t\000r\000\351\000e\000s\000\040\000e\000t\000\040\000s\000o\000l\000u\000t\000i\000o\000n\000s\000\040\000a\000d\000o\000p\000t\000\351\000e\000s}{section.92}% 21
\BOOKMARK [1][-]{section.97}{\376\377\000C\000o\000n\000c\000l\000u\000s\000i\000o\000n\000\040\000e\000t\000\040\000p\000e\000r\000s\000p\000e\000c\000t\000i\000v\000e\000s}{}% 22
\BOOKMARK [2][-]{subsection.98}{\376\377\000B\000i\000l\000a\000n\000\040\000d\000u\000\040\000t\000r\000a\000v\000a\000i\000l\000\040\000r\000\351\000a\000l\000i\000s\000\351}{section.97}% 23
\BOOKMARK [2][-]{subsection.99}{\376\377\000P\000e\000r\000s\000p\000e\000c\000t\000i\000v\000e\000s\000\040\000d\000'\000a\000m\000\351\000l\000i\000o\000r\000a\000t\000i\000o\000n}{section.97}% 24
